<?xml version="1.0" encoding="UTF-8"?>
<!-- Generated by org.testng.reporters.JUnitXMLReporter -->
<testsuite ignored="0" hostname="TYSS-Varsha-V" failures="0" tests="4" name="Default test" time="54.544" errors="0" timestamp="2024-02-07T15:02:51 IST">
  <testcase classname="org.automation.testscripts.RegistrationTestCase" name="Register" time="5.369"/>
  <testcase classname="org.automation.testscripts.RegistrationTestCase" name="Register" time="5.13"/>
  <testcase classname="org.automation.testscripts.RegistrationTestCase" name="Register" time="5.256"/>
  <testcase classname="org.automation.testscripts.RegistrationTestCase" name="Register" time="4.605"/>
</testsuite> <!-- Default test -->
