<?xml version="1.0" encoding="UTF-8"?>
<!-- Generated by org.testng.reporters.JUnitXMLReporter -->
<testsuite ignored="0" hostname="TYSS-Varsha-V" failures="0" tests="6" name="Test" time="74.259" errors="0" timestamp="2024-02-07T15:04:14 IST">
  <testcase classname="org.automation.testscripts.addToCartTestCase" name="addToCart" time="11.592"/>
  <testcase classname="org.automation.testscripts.WishlistTestCase" name="addToWishlistTestCase" time="4.874"/>
  <testcase classname="org.automation.testscripts.RegistrationTestCase" name="Register" time="3.776"/>
  <testcase classname="org.automation.testscripts.RegistrationTestCase" name="Register" time="4.977"/>
  <testcase classname="org.automation.testscripts.RegistrationTestCase" name="Register" time="4.882"/>
  <testcase classname="org.automation.testscripts.RegistrationTestCase" name="Register" time="5.197"/>
</testsuite> <!-- Test -->
